# JRE version: Java(TM) SE Runtime Environment (7.0_80-b15) (build 1.7.0_80-b15)
# Java VM: Java HotSpot(TM) Client VM (24.80-b11 mixed mode windows-x86 )
Heap
 def new generation   total 29824K, used 29824K [0x29a00000, 0x2ba50000, 0x2ef50000)
  eden space 26560K, 100% used [0x29a00000, 0x2b3f0000, 0x2b3f0000)
  from space 3264K, 100% used [0x2b3f0000, 0x2b720000, 0x2b720000)
  to   space 3264K,   0% used [0x2b720000, 0x2b721d90, 0x2ba50000)
 tenured generation   total 66124K, used 45496K [0x2ef50000, 0x32fe3000, 0x39a00000)
   the space 66124K,  68% used [0x2ef50000, 0x31bbe078, 0x31bbe200, 0x32fe3000)
 compacting perm gen  total 12288K, used 5810K [0x39a00000, 0x3a600000, 0x3da00000)
   the space 12288K,  47% used [0x39a00000, 0x39facaf8, 0x39facc00, 0x3a600000)
GC Heap History (10 events):
Event: 4586.638 GC heap after
Heap after GC invocations=80 (full 11):
 def new generation   total 29184K, used 1906K [0x29a00000, 0x2b9a0000, 0x2ef50000)
  eden space 25984K,   0% used [0x29a00000, 0x29a00000, 0x2b360000)
  from space 3200K,  59% used [0x2b680000, 0x2b85cbf8, 0x2b9a0000)
  to   space 3200K,   0% used [0x2b360000, 0x2b360000, 0x2b680000)
 tenured generation   total 64752K, used 63292K [0x2ef50000, 0x32e8c000, 0x39a00000)
   the space 64752K,  97% used [0x2ef50000, 0x32d1f228, 0x32d1f400, 0x32e8c000)
 compacting perm gen  total 12288K, used 5801K [0x39a00000, 0x3a600000, 0x3da00000)
   the space 12288K,  47% used [0x39a00000, 0x39faa648, 0x39faa800, 0x3a600000)
No shared spaces configured.
}
Event: 4586.672 GC heap before
{Heap before GC invocations=80 (full 11):
 def new generation   total 29184K, used 27890K [0x29a00000, 0x2b9a0000, 0x2ef50000)
  eden space 25984K, 100% used [0x29a00000, 0x2b360000, 0x2b360000)
  from space 3200K,  59% used [0x2b680000, 0x2b85cbf8, 0x2b9a0000)
  to   space 3200K,   0% used [0x2b360000, 0x2b360000, 0x2b680000)
 tenured generation   total 64752K, used 63292K [0x2ef50000, 0x32e8c000, 0x39a00000)
   the space 64752K,  97% used [0x2ef50000, 0x32d1f228, 0x32d1f400, 0x32e8c000)
 compacting perm gen  total 12288K, used 5801K [0x39a00000, 0x3a600000, 0x3da00000)
   the space 12288K,  47% used [0x39a00000, 0x39faa648, 0x39faa800, 0x3a600000)
No shared spaces configured.
Event: 4586.680 GC heap after
Heap after GC invocations=81 (full 11):
 def new generation   total 29184K, used 2246K [0x29a00000, 0x2b9a0000, 0x2ef50000)
  eden space 25984K,   0% used [0x29a00000, 0x29a00000, 0x2b360000)
  from space 3200K,  70% used [0x2b360000, 0x2b5919c0, 0x2b680000)
  to   space 3200K,   0% used [0x2b680000, 0x2b680000, 0x2b9a0000)
 tenured generation   total 64752K, used 64172K [0x2ef50000, 0x32e8c000, 0x39a00000)
   the space 64752K,  99% used [0x2ef50000, 0x32dfb2c8, 0x32dfb400, 0x32e8c000)
 compacting perm gen  total 12288K, used 5801K [0x39a00000, 0x3a600000, 0x3da00000)
   the space 12288K,  47% used [0x39a00000, 0x39faa648, 0x39faa800, 0x3a600000)
No shared spaces configured.
}
Event: 4586.700 GC heap before
{Heap before GC invocations=81 (full 11):
 def new generation   total 29184K, used 24132K [0x29a00000, 0x2b9a0000, 0x2ef50000)
  eden space 25984K,  84% used [0x29a00000, 0x2af5f700, 0x2b360000)
  from space 3200K,  70% used [0x2b360000, 0x2b5919c0, 0x2b680000)
  to   space 3200K,   0% used [0x2b680000, 0x2b680000, 0x2b9a0000)
 tenured generation   total 64752K, used 64172K [0x2ef50000, 0x32e8c000, 0x39a00000)
   the space 64752K,  99% used [0x2ef50000, 0x32dfb2c8, 0x32dfb400, 0x32e8c000)
 compacting perm gen  total 12288K, used 5801K [0x39a00000, 0x3a600000, 0x3da00000)
   the space 12288K,  47% used [0x39a00000, 0x39faa648, 0x39faa800, 0x3a600000)
No shared spaces configured.
Event: 4586.800 GC heap after
Heap after GC invocations=82 (full 12):
 def new generation   total 29824K, used 0K [0x29a00000, 0x2ba50000, 0x2ef50000)
  eden space 26560K,   0% used [0x29a00000, 0x29a00000, 0x2b3f0000)
  from space 3264K,   0% used [0x2b3f0000, 0x2b3f0000, 0x2b720000)
  to   space 3264K,   0% used [0x2b720000, 0x2b720000, 0x2ba50000)
 tenured generation   total 66124K, used 39673K [0x2ef50000, 0x32fe3000, 0x39a00000)
   the space 66124K,  59% used [0x2ef50000, 0x3160e470, 0x3160e600, 0x32fe3000)
 compacting perm gen  total 12288K, used 5780K [0x39a00000, 0x3a600000, 0x3da00000)
   the space 12288K,  47% used [0x39a00000, 0x39fa53e8, 0x39fa5400, 0x3a600000)
No shared spaces configured.
}
Event: 4586.882 GC heap before
{Heap before GC invocations=82 (full 12):
 def new generation   total 29824K, used 26560K [0x29a00000, 0x2ba50000, 0x2ef50000)
  eden space 26560K, 100% used [0x29a00000, 0x2b3f0000, 0x2b3f0000)
  from space 3264K,   0% used [0x2b3f0000, 0x2b3f0000, 0x2b720000)
  to   space 3264K,   0% used [0x2b720000, 0x2b720000, 0x2ba50000)
 tenured generation   total 66124K, used 39673K [0x2ef50000, 0x32fe3000, 0x39a00000)
   the space 66124K,  59% used [0x2ef50000, 0x3160e470, 0x3160e600, 0x32fe3000)
 compacting perm gen  total 12288K, used 5786K [0x39a00000, 0x3a600000, 0x3da00000)
   the space 12288K,  47% used [0x39a00000, 0x39fa6a70, 0x39fa6c00, 0x3a600000)
No shared spaces configured.
Event: 4586.890 GC heap after
Heap after GC invocations=83 (full 12):
 def new generation   total 29824K, used 3264K [0x29a00000, 0x2ba50000, 0x2ef50000)
  eden space 26560K,   0% used [0x29a00000, 0x29a00000, 0x2b3f0000)
  from space 3264K, 100% used [0x2b720000, 0x2ba50000, 0x2ba50000)
  to   space 3264K,   0% used [0x2b3f0000, 0x2b3f0000, 0x2b720000)
 tenured generation   total 66124K, used 40102K [0x2ef50000, 0x32fe3000, 0x39a00000)
   the space 66124K,  60% used [0x2ef50000, 0x316799b0, 0x31679a00, 0x32fe3000)
 compacting perm gen  total 12288K, used 5786K [0x39a00000, 0x3a600000, 0x3da00000)
   the space 12288K,  47% used [0x39a00000, 0x39fa6a70, 0x39fa6c00, 0x3a600000)
No shared spaces configured.
}
Event: 4758.522 GC heap before
{Heap before GC invocations=83 (full 12):
 def new generation   total 29824K, used 28871K [0x29a00000, 0x2ba50000, 0x2ef50000)
  eden space 26560K,  96% used [0x29a00000, 0x2b301fd0, 0x2b3f0000)
  from space 3264K, 100% used [0x2b720000, 0x2ba50000, 0x2ba50000)
  to   space 3264K,   0% used [0x2b3f0000, 0x2b3f0000, 0x2b720000)
 tenured generation   total 66124K, used 40102K [0x2ef50000, 0x32fe3000, 0x39a00000)
   the space 66124K,  60% used [0x2ef50000, 0x316799b0, 0x31679a00, 0x32fe3000)
 compacting perm gen  total 12288K, used 5810K [0x39a00000, 0x3a600000, 0x3da00000)
   the space 12288K,  47% used [0x39a00000, 0x39facaf8, 0x39facc00, 0x3a600000)
No shared spaces configured.
Event: 4758.538 GC heap after
Heap after GC invocations=84 (full 12):
 def new generation   total 29824K, used 3264K [0x29a00000, 0x2ba50000, 0x2ef50000)
  eden space 26560K,   0% used [0x29a00000, 0x29a00000, 0x2b3f0000)
  from space 3264K, 100% used [0x2b3f0000, 0x2b720000, 0x2b720000)
  to   space 3264K,   0% used [0x2b720000, 0x2b720000, 0x2ba50000)
 tenured generation   total 66124K, used 45147K [0x2ef50000, 0x32fe3000, 0x39a00000)
   the space 66124K,  68% used [0x2ef50000, 0x31b66eb0, 0x31b67000, 0x32fe3000)
 compacting perm gen  total 12288K, used 5810K [0x39a00000, 0x3a600000, 0x3da00000)
   the space 12288K,  47% used [0x39a00000, 0x39facaf8, 0x39facc00, 0x3a600000)
No shared spaces configured.
}
Event: 4758.599 GC heap before
{Heap before GC invocations=84 (full 12):
 def new generation   total 29824K, used 29824K [0x29a00000, 0x2ba50000, 0x2ef50000)
  eden space 26560K, 100% used [0x29a00000, 0x2b3f0000, 0x2b3f0000)
  from space 3264K, 100% used [0x2b3f0000, 0x2b720000, 0x2b720000)
  to   space 3264K,   0% used [0x2b720000, 0x2b720000, 0x2ba50000)
 tenured generation   total 66124K, used 45147K [0x2ef50000, 0x32fe3000, 0x39a00000)
   the space 66124K,  68% used [0x2ef50000, 0x31b66eb0, 0x31b67000, 0x32fe3000)
 compacting perm gen  total 12288K, used 5810K [0x39a00000, 0x3a600000, 0x3da00000)
   the space 12288K,  47% used [0x39a00000, 0x39facaf8, 0x39facc00, 0x3a600000)
No shared spaces configured.

